<?xml version="1.0" encoding="UTF-8"?>
<testsuite name="org.example.tds.td2.CardTests" tests="3" skipped="0" failures="0" errors="0" timestamp="2025-11-24T17:44:27.741Z" hostname="Moussa" time="0.005">
  <properties/>
  <testcase name="rankIsCorrect" classname="org.example.tds.td2.CardTests" time="0.003"/>
  <testcase name="suitIsCorrect" classname="org.example.tds.td2.CardTests" time="0.001"/>
  <testcase name="colourIsCorrect" classname="org.example.tds.td2.CardTests" time="0.0"/>
  <system-out><![CDATA[]]></system-out>
  <system-err><![CDATA[]]></system-err>
</testsuite>
