<?xml version="1.0" encoding="UTF-8"?>
<testsuite name="org.example.cours.cours3.CardTests" tests="2" skipped="0" failures="0" errors="0" timestamp="2025-11-24T17:44:27.703Z" hostname="Moussa" time="0.006">
  <properties/>
  <testcase name="rankIsCorrect" classname="org.example.cours.cours3.CardTests" time="0.005"/>
  <testcase name="suitIsCorrect" classname="org.example.cours.cours3.CardTests" time="0.0"/>
  <system-out><![CDATA[]]></system-out>
  <system-err><![CDATA[]]></system-err>
</testsuite>
