<?xml version="1.0" encoding="UTF-8"?>
<testsuite name="org.example.tds.td3.HandTest" tests="4" skipped="0" failures="0" errors="0" timestamp="2025-11-24T17:44:27.751Z" hostname="Moussa" time="0.001">
  <properties/>
  <testcase name="impossibleAjouterAuDelaDuMax" classname="org.example.tds.td3.HandTest" time="0.001"/>
  <testcase name="ajouterMaxCartesAtteintLeMax" classname="org.example.tds.td3.HandTest" time="0.0"/>
  <testcase name="ajouterUneCarteChangeLaTaille" classname="org.example.tds.td3.HandTest" time="0.0"/>
  <testcase name="mainInitialementVide" classname="org.example.tds.td3.HandTest" time="0.0"/>
  <system-out><![CDATA[]]></system-out>
  <system-err><![CDATA[]]></system-err>
</testsuite>
