<?xml version="1.0" encoding="UTF-8"?>
<testsuite name="org.example.tds.td4.sechoir.SechoirTests" tests="3" skipped="0" failures="0" errors="0" timestamp="2025-11-24T17:44:27.793Z" hostname="Moussa" time="0.006">
  <properties/>
  <testcase name="pasDeLancementGratuit1" classname="org.example.tds.td4.sechoir.SechoirTests" time="0.002"/>
  <testcase name="correctRun1" classname="org.example.tds.td4.sechoir.SechoirTests" time="0.001"/>
  <testcase name="correctRun2" classname="org.example.tds.td4.sechoir.SechoirTests" time="0.001"/>
  <system-out><![CDATA[]]></system-out>
  <system-err><![CDATA[]]></system-err>
</testsuite>
